REPOSITORY              TAG                 IMAGE ID            CREATED              SIZE
max2l/ubuntu-tmp-file   latest              f5e4578ba214        About a minute ago   113MB
ubuntu                  16.04               c9d990395902        6 days ago           113MB
hello-world             latest              e38bc07ac18e        7 days ago           1.85kB
nginx                   latest              b175e7467d66        8 days ago           109MB

Образ это структура файлов и директорий хранящаяся на диске. Он состоит из одного или нескольких слоёв. Информация об этом содержиться в секции
        "RootFS": {
            "Type": "layers",
            "Layers": [
                "sha256:fccbfa2912f0cd6b9d13f91f288f112a2b825f3f758a4443aacb45bfc108cc74",
                "sha256:e1a9a6284d0d24d8194ac84b372619e75cd35a46866b74925b7274c7056561e4",
                "sha256:ac7299292f8b2f710d3b911c6a4e02ae8f06792e39822e097f9c4e9c2672b32d",
                "sha256:a5e66470b2812e91798db36eb103c1f1e135bbe167e4b2ad5ba425b8db98ee8d",
                "sha256:a8de0e025d94b33db3542e1e8ce58829144b30c6cd1fff057eec55b1491933c3",
                "sha256:395b32c89f056e6e464a3bdf33d7c79545cc7ec455b4ca92d154e651c9040805"
            ]
        },

Он необходим для запуска контейнеров. Из одного контейнера можно запусть несколько образов. Контейнер, это как бы realonly шаблон для запуска образа. Контейнер запускается из образа об этом свидетельствует наличие секций
"State": {
            "Status": "running",
            "Running": true,
            "Paused": false,
            "Restarting": false,
            "OOMKilled": false,
            "Dead": false,
            "Pid": 19373,
            "ExitCode": 0,
            "Error": "",
            "StartedAt": "2018-04-19T13:47:15.410604758Z",
            "FinishedAt": "0001-01-01T00:00:00Z"
        },

        "NetworkSettings": {
            "Bridge": "",
            "SandboxID": "ab3335524ede3260590d3bb7ddf1ce77fe8c8c61edd51e191cee7008ff938f10",
            "HairpinMode": false,
            "LinkLocalIPv6Address": "",
            "LinkLocalIPv6PrefixLen": 0,
            "Ports": {
                "80/tcp": null
            },
            .....
            .....
            }
        }
В контейнере уже можно редактировать файлы. 
